(cs521) ➜  problem2 python3 ./clean_train.py
Epoch 01/10 | train_loss=0.4271 train_acc=0.8760 | test_loss=0.2136 test_acc=0.9364                                                                     
Epoch 02/10 | train_loss=0.1837 train_acc=0.9458 | test_loss=0.1493 test_acc=0.9549                                                                     
Epoch 03/10 | train_loss=0.1383 train_acc=0.9584 | test_loss=0.1324 test_acc=0.9580                                                                     
Epoch 04/10 | train_loss=0.1134 train_acc=0.9654 | test_loss=0.1164 test_acc=0.9645                                                                     
Epoch 05/10 | train_loss=0.0963 train_acc=0.9712 | test_loss=0.1091 test_acc=0.9671                                                                     
Epoch 06/10 | train_loss=0.0831 train_acc=0.9742 | test_loss=0.1085 test_acc=0.9669                                                                     
Epoch 07/10 | train_loss=0.0716 train_acc=0.9777 | test_loss=0.1015 test_acc=0.9707                                                                     
Epoch 08/10 | train_loss=0.0644 train_acc=0.9801 | test_loss=0.1023 test_acc=0.9678                                                                     
Epoch 09/10 | train_loss=0.0569 train_acc=0.9820 | test_loss=0.0978 test_acc=0.9708                                                                     
Epoch 10/10 | train_loss=0.0501 train_acc=0.9837 | test_loss=0.1089 test_acc=0.9704                                                                     
Total training time: 14.42 seconds
Best test accuracy: 0.9708

[models/mnist_standard_best.pth] Verified Accuracy over eps:
  eps=0.010: 0.00%  (verified 0/7936 eligible)
  eps=0.020: 0.00%  (verified 0/7936 eligible)
  eps=0.030: 0.00%  (verified 0/7936 eligible)
  eps=0.040: 0.00%  (verified 0/7936 eligible)
  eps=0.050: 0.00%  (verified 0/7936 eligible)
  eps=0.060: 0.00%  (verified 0/7936 eligible)
  eps=0.070: 0.00%  (verified 0/7936 eligible)
  eps=0.080: 0.00%  (verified 0/7936 eligible)
  eps=0.090: 0.00%  (verified 0/7936 eligible)
  eps=0.100: 0.00%  (verified 0/7936 eligible)
(cs521) ➜  problem2 python3 ./clean_train.py
Epoch 01/10 | train_loss=0.4271 train_acc=0.8760 | test_loss=0.2136 test_acc=0.9364                                                                     
Epoch 02/10 | train_loss=0.1837 train_acc=0.9458 | test_loss=0.1493 test_acc=0.9549                                                                     
Epoch 03/10 | train_loss=0.1383 train_acc=0.9584 | test_loss=0.1324 test_acc=0.9580                                                                     
Epoch 04/10 | train_loss=0.1134 train_acc=0.9654 | test_loss=0.1164 test_acc=0.9645                                                                     
Epoch 05/10 | train_loss=0.0963 train_acc=0.9712 | test_loss=0.1091 test_acc=0.9671                                                                     
Epoch 06/10 | train_loss=0.0831 train_acc=0.9742 | test_loss=0.1085 test_acc=0.9669                                                                     
Epoch 07/10 | train_loss=0.0716 train_acc=0.9777 | test_loss=0.1015 test_acc=0.9707                                                                     
Epoch 08/10 | train_loss=0.0644 train_acc=0.9801 | test_loss=0.1023 test_acc=0.9678                                                                     
Epoch 09/10 | train_loss=0.0569 train_acc=0.9820 | test_loss=0.0978 test_acc=0.9708                                                                     
Epoch 10/10 | train_loss=0.0501 train_acc=0.9837 | test_loss=0.1089 test_acc=0.9704                                                                     
Total training time: 13.92 seconds
Best test accuracy: 0.9708
Robust test accuracy: 0.0082

[models/mnist_standard_best.pth] Verified Accuracy over eps:
  eps=0.010: 0.00%  (verified 0/7936 eligible)
  eps=0.020: 0.00%  (verified 0/7936 eligible)
  eps=0.030: 0.00%  (verified 0/7936 eligible)
  eps=0.040: 0.00%  (verified 0/7936 eligible)
  eps=0.050: 0.00%  (verified 0/7936 eligible)
  eps=0.060: 0.00%  (verified 0/7936 eligible)
  eps=0.070: 0.00%  (verified 0/7936 eligible)
  eps=0.080: 0.00%  (verified 0/7936 eligible)
  eps=0.090: 0.00%  (verified 0/7936 eligible)
  eps=0.100: 0.00%  (verified 0/7936 eligible)